<?xml version="1.0" encoding="UTF-8"?>
<!-- Generated by org.testng.reporters.JUnitXMLReporter -->
<testsuite hostname="SILICUS339" ignored="0" name="Default test" tests="3" failures="0" timestamp="08 Jun 2018 04:33:42 GMT" time="30.633" errors="0">
  <testcase name="VerifyContentUnderSolutionPartnerSectionTest" time="2.191" classname="ContentStack.PageTest.PartnersPageTest"/>
  <testcase name="VerifyContentUnderTechnologyPartnerSectionTest" time="2.272" classname="ContentStack.PageTest.PartnersPageTest"/>
  <testcase name="VerifyPartnersSectionsTest" time="2.128" classname="ContentStack.PageTest.PartnersPageTest"/>
</testsuite> <!-- Default test -->
