<?xml version="1.0" encoding="UTF-8"?>
<!-- Generated by org.testng.reporters.JUnitXMLReporter -->
<testsuite hostname="SILICUS339" ignored="0" name="Smoke Test suite" tests="15" failures="0" timestamp="08 Jun 2018 05:10:28 GMT" time="252.383" errors="0">
  <testcase name="IsHomepageDisplayed" time="0.107" classname="ContentStack.PageTest.HomepageTest"/>
  <testcase name="VerifyFeaturesLinksTest" time="4.271" classname="ContentStack.PageTest.FeaturePageTest"/>
  <testcase name="FillTryForFreeFormTest" time="6.87" classname="ContentStack.PageTest.ContactUsTest"/>
  <testcase name="VerifyContentUnderSolutionPartnerSectionTest" time="2.129" classname="ContentStack.PageTest.PartnersPageTest"/>
  <testcase name="VerifyContentUnderTechnologyPartnerSectionTest" time="1.961" classname="ContentStack.PageTest.PartnersPageTest"/>
  <testcase name="VerifyPartnersSectionsTest" time="1.983" classname="ContentStack.PageTest.PartnersPageTest"/>
  <testcase name="verifyPricingSectionsTest" time="2.538" classname="ContentStack.PageTest.PricingPageTest"/>
  <testcase name="VerifyBrandLogoTest" time="3.906" classname="ContentStack.PageTest.FAQsPageTest"/>
  <testcase name="VerifyFAQsLinkTest" time="1.904" classname="ContentStack.PageTest.FAQsPageTest"/>
  <testcase name="verifyOverviewLinkTest" time="2.699" classname="ContentStack.PageTest.DocsPageTest"/>
  <testcase name="verifyUserCanSelectCheckboxTest" time="1.984" classname="ContentStack.PageTest.ROICalculatorPageTest"/>
  <testcase name="validationTest" time="2.355" classname="ContentStack.PageTest.SignInPageTest"/>
  <testcase name="ChooseAndroidLanguageTest" time="5.988" classname="ContentStack.PageTest.TechnologyPageTest"/>
  <testcase name="VerifyRedircetionOfAllLinksFromHeaderTest" time="56.548" classname="ContentStack.PageTest.HomepageTest"/>
  <testcase name="VerifyFootersLinksDisplayedTest" time="1.228" classname="ContentStack.PageTest.HomepageTest"/>
</testsuite> <!-- Smoke Test suite -->
